<?xml version="1.0" encoding="UTF-8"?>
<!-- Generated by org.testng.reporters.JUnitXMLReporter -->
<testsuite hostname="Shivangi" name="functTest" tests="5" failures="0" timestamp="24 Sep 2016 21:22:54 GMT" time="0.3" errors="0">
  <testcase name="@BeforeSuite beforeSuite" time="0.0" classname="com.test.HomePageTest">
    <failure type="java.lang.NoClassDefFoundError" message="com/gargoylesoftware/htmlunit/html/HtmlElement">
      <![CDATA[java.lang.NoClassDefFoundError: com/gargoylesoftware/htmlunit/html/HtmlElement
	at com.util.PageDriver.startHtml(PageDriver.java:54)
	at com.util.PageDriver.start(PageDriver.java:35)
	at com.util.PageDriver.<init>(PageDriver.java:20)
	at com.base.BaseTest.beforeSuite(BaseTest.java:21)
Caused by: java.lang.ClassNotFoundException: com.gargoylesoftware.htmlunit.html.HtmlElement
	at java.net.URLClassLoader.findClass(Unknown Source)
	at java.lang.ClassLoader.loadClass(Unknown Source)
	at sun.misc.Launcher$AppClassLoader.loadClass(Unknown Source)
	at java.lang.ClassLoader.loadClass(Unknown Source)
	... 23 more
... Removed 19 stack frames]]>
    </failure>
  </testcase> <!-- @BeforeSuite beforeSuite -->
  <testcase name="@BeforeClass beforeclass" time="0.0" classname="com.test.HomePageTest">
    <skipped/>
  </testcase> <!-- @BeforeClass beforeclass -->
  <testcase name="Action1" time="0.002" classname="com.test.HomePageTest">
    <skipped/>
  </testcase> <!-- Action1 -->
  <testcase name="Testsociallinks" time="0.0" classname="com.test.HomePageTest">
    <skipped/>
  </testcase> <!-- Testsociallinks -->
  <testcase name="loginlink" time="0.001" classname="com.test.HomePageTest">
    <skipped/>
  </testcase> <!-- loginlink -->
  <testcase name="navbar1" time="0.0" classname="com.test.HomePageTest">
    <skipped/>
  </testcase> <!-- navbar1 -->
  <testcase name="screenshot2" time="0.0" classname="com.test.HomePageTest">
    <skipped/>
  </testcase> <!-- screenshot2 -->
</testsuite> <!-- functTest -->
